#
# A fatal error has been detected by the Java Runtime Environment:
#
#  SIGILL (0x4) at pc=0x00007fff96b2f16b, pid=16810, tid=72727
#
# JRE version: Java(TM) SE Runtime Environment (8.0_31-b13) (build 1.8.0_31-b13)
# Java VM: Java HotSpot(TM) 64-Bit Server VM (25.31-b07 mixed mode bsd-amd64 compressed oops)
# Problematic frame:
# C  [libdispatch.dylib+0x216b]  _os_object_retain+0x2d
#
# Failed to write core dump. Core dumps have been disabled. To enable core dumping, try "ulimit -c unlimited" before starting Java again
#
# If you would like to submit a bug report, please visit:
#   http://bugreport.java.com/bugreport/crash.jsp
#

---------------  T H R E A D  ---------------

Current thread is native thread

siginfo: si_signo: 4 (SIGILL), si_code: 1 (ILL_ILLOPC), si_addr: 0x00007fff96b2f16b

Registers:
RAX=0x00007fd124e6f1ac, RBX=0x00007fd12256f6e0, RCX=0x00007fff96b5545e, RDX=0x0000000000000400
RSP=0x0000700002282828, RBP=0x0000700002282850, RSI=0x0000700002282860, RDI=0x00007fd124e6f1a0
R8 =0x000000010d002200, R9 =0x000000010d000000, R10=0x0000000000000040, R11=0x00000fd122bb0968
R12=0x0000700002282860, R13=0x0000000000000200, R14=0x00007fd1227fbe60, R15=0x00007fd12256f560
RIP=0x00007fff96b2f16b, EFLAGS=0x0000000000010286, ERR=0x0000000000000000
  TRAPNO=0x0000000000000006

Top of Stack: (sp=0x0000700002282828)
0x0000700002282828:   00007fff90da57b0 0000700002282860
0x0000700002282838:   00007fd128b26800 00007000022828c8
0x0000700002282848:   00007fd1227fbe60 00007000022828b0
0x0000700002282858:   00007fff90d80063 00007fd128b26800
0x0000700002282868:   00007fd128b26990 00007fd128b26a10
0x0000700002282878:   00007fd128b26c00 00007fd1227fbe70
0x0000700002282888:   0000000000015af7 00007fd124e66000
0x0000700002282898:   0000700002282928 00007fd1227fbe50
0x00007000022828a8:   00007fd1227fbe60 0000700002282900
0x00007000022828b8:   00007fff90d7fed6 0000000000000003
0x00007000022828c8:   00007fd124e66000 ff80000000015af7
0x00007000022828d8:   00007fd124e3e480 000000006c65766c
0x00007000022828e8:   00007fd124e3e480 00007fd124e3e498
0x00007000022828f8:   00000000000006c0 0000700002282980
0x0000700002282908:   00007fff90d7b202 0000700002282940
0x0000700002282918:   00007fff992045b1 000000010bd75000
0x0000700002282928:   00007fff7bace0a0 0000000040000000
0x0000700002282938:   00007fff90daa228 00007fff7b8c8c30
0x0000700002282948:   00007fd124e3e480 0000000000000000
0x0000700002282958:   00000000766c6d65 000000006c65766c
0x0000700002282968:   00007fd124e3e480 0000000000000000
0x0000700002282978:   00000000000006c0 00007000022829c0
0x0000700002282988:   00007fff90d87558 00015af700000000
0x0000700002282998:   00000000000006c0 0000000000000000
0x00007000022829a8:   0000000000000003 00000000000006c0
0x00007000022829b8:   00007fd1226a79d0 0000700002282a00
0x00007000022829c8:   00007fff90d7abe8 00007fff7b8c9e98
0x00007000022829d8:   00007fff90d7aa74 00000000646f6e7a
0x00007000022829e8:   6c65766c90d79a23 00015af7766c6d65
0x00007000022829f8:   0000000000000000 0000700002282a30
0x0000700002282a08:   00007fff90d7aa47 00007fd12256e440
0x0000700002282a18:   00007fd100000000 00000000646f6e7a 

Instructions: (pc=0x00007fff96b2f16b)
0x00007fff96b2f14b:   0c b9 01 00 00 00 f0 0f c1 08 85 c9 78 04 48 89
0x00007fff96b2f15b:   f8 c3 48 8d 0d fa 62 02 00 48 89 0d 8d 60 97 e5
0x00007fff96b2f16b:   0f 0b 8b 47 0c 3d ff ff ff 7f 74 11 48 8d 47 0c
0x00007fff96b2f17b:   b9 ff ff ff ff f0 0f c1 08 85 c9 7e 01 c3 78 05 

Register to memory mapping:

RAX=0x00007fd124e6f1ac is an unknown value
RBX=0x00007fd12256f6e0 is an unknown value
RCX=0x00007fff96b5545e: __libdispatchVersionNumber+0xec6 in /usr/lib/system/libdispatch.dylib at 0x00007fff96b2d000
RDX=0x0000000000000400 is an unknown value
RSP=0x0000700002282828 is an unknown value
RBP=0x0000700002282850 is an unknown value
RSI=0x0000700002282860 is an unknown value
RDI=0x00007fd124e6f1a0 is an unknown value
R8 =0x000000010d002200 is an unknown value
R9 =0x000000010d000000 is an unknown value
R10=0x0000000000000040 is an unknown value
R11=0x00000fd122bb0968 is an unknown value
R12=0x0000700002282860 is an unknown value
R13=0x0000000000000200 is an unknown value
R14=0x00007fd1227fbe60 is an unknown value
R15=0x00007fd12256f560 is an unknown value


Stack: [0x0000700002203000,0x0000700002283000],  sp=0x0000700002282828,  free space=510k
Native frames: (J=compiled Java code, j=interpreted, Vv=VM code, C=native code)
C  [libdispatch.dylib+0x216b]  _os_object_retain+0x2d
C  [CoreAudio+0x8063]  void std::__1::vector<CADispatchQueue::EventSource, std::__1::allocator<CADispatchQueue::EventSource> >::__push_back_slow_path<CADispatchQueue::EventSource>(CADispatchQueue::EventSource&&)+0xf3
C  [CoreAudio+0x7ed6]  CADispatchQueue::InstallMachPortDeathNotification(unsigned int, void () block_pointer)+0xae
C  [CoreAudio+0x3202]  HALC_ProxyObject::HALC_ProxyObject(unsigned int, unsigned int, unsigned int, unsigned int)+0x9a
C  [CoreAudio+0xf558]  HALC_ProxyObjectMap::_CreateObject(unsigned int, unsigned int, unsigned int, unsigned int)+0xbc
C  [CoreAudio+0x2be8]  HALC_ProxyObjectMap::_CopyObjectByObjectID(unsigned int)+0xf8
C  [CoreAudio+0x2a47]  HALC_ProxyObjectMap::CopyObjectByObjectID(unsigned int)+0x43
C  [CoreAudio+0x15998]  HALC_ShellDevice::RebuildControlList(bool)+0x1de
C  [CoreAudio+0x239b9]  HALC_ShellDevice::_ProxyObject_GroupPropertiesChanged(unsigned int, unsigned int, unsigned int const*, unsigned int, unsigned int const*, unsigned int, AudioObjectPropertyAddress const*)+0x135
C  [CoreAudio+0x2387e]  invocation function for block in HALC_ShellDevice::ProxyObject_GroupPropertiesChanged(unsigned int, unsigned int, unsigned int const*, unsigned int, unsigned int const*, unsigned int, AudioObjectPropertyAddress const*)+0x3c
C  [CoreAudio+0x11913]  HALB_CommandGate::ExecuteCommand(void () block_pointer) const+0x21
C  [CoreAudio+0x2383c]  HALC_ShellDevice::ProxyObject_GroupPropertiesChanged(unsigned int, unsigned int, unsigned int const*, unsigned int, unsigned int const*, unsigned int, AudioObjectPropertyAddress const*)+0x66
C  [CoreAudio+0x23775]  invocation function for block in HALC_ProxyNotifications::_SendGroupPropertiesChanged(unsigned int, unsigned int, unsigned int const*, unsigned int, unsigned int const*, unsigned int, AudioObjectPropertyAddress const*, bool)+0x4d
C  [libdispatch.dylib+0xd8f5]  _dispatch_call_block_and_release+0xc
C  [libdispatch.dylib+0x23c3]  _dispatch_client_callout+0x8
C  [libdispatch.dylib+0x6253]  _dispatch_root_queue_drain+0x762
C  [libdispatch.dylib+0x5ab8]  _dispatch_worker_thread3+0x5b
C  [libsystem_pthread.dylib+0x34f2]  _pthread_wqthread+0x469
C  [libsystem_pthread.dylib+0x1375]  start_wqthread+0xd


---------------  P R O C E S S  ---------------

VM state:not at safepoint (normal execution)

VM Mutex/Monitor currently owned by a thread: None

Heap:
 par new generation   total 47936K, used 3746K [0x0000000740000000, 0x0000000743400000, 0x0000000754cc0000)
  eden space 42624K,   8% used [0x0000000740000000, 0x00000007403a89d0, 0x00000007429a0000)
  from space 5312K,   0% used [0x0000000742ed0000, 0x0000000742ed0000, 0x0000000743400000)
  to   space 5312K,   0% used [0x00000007429a0000, 0x00000007429a0000, 0x0000000742ed0000)
 concurrent mark-sweep generation total 106312K, used 45721K [0x0000000754cc0000, 0x000000075b492000, 0x00000007c0000000)
 Metaspace       used 22655K, capacity 23102K, committed 23552K, reserved 1069056K
  class space    used 2835K, capacity 3006K, committed 3072K, reserved 1048576K

Card table byte_map: [0x000000011cc0b000,0x000000011d00c000] byte_map_base: 0x000000011920b000

Marking Bits: (CMSBitMap*) 0x00007fd123842f48
 Bits: [0x000000011d766000, 0x000000011f233000)

Mod Union Table: (CMSBitMap*) 0x00007fd123843008
 Bits: [0x000000011f234000, 0x000000011f29f340)

Polling page: 0x000000010cfc2000

CodeCache: size=245760Kb used=17264Kb max_used=17291Kb free=228495Kb
 bounds [0x000000010d84b000, 0x000000010e95b000, 0x000000011c84b000]
 total_blobs=5308 nmethods=4721 adapters=506
 compilation: enabled

Compilation events (10 events):
Event: 4962.957 Thread 0x00007fd12282a000 5856       4       sun.awt.geom.ChainEnd::linkTo (198 bytes)
Event: 4962.963 Thread 0x00007fd12282a000 nmethod 5856 0x000000010e925ad0 code [0x000000010e925c60, 0x000000010e926178]
Event: 4963.239 Thread 0x00007fd124057000 5857       1       java.awt.LightweightDispatcher::access$000 (5 bytes)
Event: 4963.239 Thread 0x00007fd124057000 nmethod 5857 0x000000010e80bd10 code [0x000000010e80be60, 0x000000010e80bf50]
Event: 4963.741 Thread 0x00007fd124057000 5858       3       javax.swing.Timer::fireActionPerformed (46 bytes)
Event: 4963.743 Thread 0x00007fd124057000 nmethod 5858 0x000000010d96e410 code [0x000000010d96e5a0, 0x000000010d96ea48]
Event: 4964.465 Thread 0x00007fd124057000 5859   !   3       java.awt.AWTEvent::setSource (95 bytes)
Event: 4964.465 Thread 0x00007fd124057000 nmethod 5859 0x000000010e923650 code [0x000000010e923800, 0x000000010e9240c8]
Event: 5263.771 Thread 0x00007fd124057000 5860       3       java.util.concurrent.ThreadPoolExecutor::workerCountOf (5 bytes)
Event: 5263.771 Thread 0x00007fd124057000 nmethod 5860 0x000000010e8fc010 code [0x000000010e8fc160, 0x000000010e8fc290]

GC Heap History (10 events):
Event: 1499.493 GC heap before
{Heap before GC invocations=77 (full 64):
 par new generation   total 47936K, used 47936K [0x0000000740000000, 0x0000000743400000, 0x0000000754cc0000)
  eden space 42624K, 100% used [0x0000000740000000, 0x00000007429a0000, 0x00000007429a0000)
  from space 5312K, 100% used [0x0000000742ed0000, 0x0000000743400000, 0x0000000743400000)
  to   space 5312K,   0% used [0x00000007429a0000, 0x00000007429a0000, 0x0000000742ed0000)
 concurrent mark-sweep generation total 106312K, used 39465K [0x0000000754cc0000, 0x000000075b492000, 0x00000007c0000000)
 Metaspace       used 22619K, capacity 22980K, committed 23296K, reserved 1069056K
  class space    used 2821K, capacity 2987K, committed 3072K, reserved 1048576K
Event: 1499.496 GC heap after
Heap after GC invocations=78 (full 64):
 par new generation   total 47936K, used 1194K [0x0000000740000000, 0x0000000743400000, 0x0000000754cc0000)
  eden space 42624K,   0% used [0x0000000740000000, 0x0000000740000000, 0x00000007429a0000)
  from space 5312K,  22% used [0x00000007429a0000, 0x0000000742acaac8, 0x0000000742ed0000)
  to   space 5312K,   0% used [0x0000000742ed0000, 0x0000000742ed0000, 0x0000000743400000)
 concurrent mark-sweep generation total 106312K, used 44222K [0x0000000754cc0000, 0x000000075b492000, 0x00000007c0000000)
 Metaspace       used 22619K, capacity 22980K, committed 23296K, reserved 1069056K
  class space    used 2821K, capacity 2987K, committed 3072K, reserved 1048576K
}
Event: 4048.845 GC heap before
{Heap before GC invocations=78 (full 64):
 par new generation   total 47936K, used 43128K [0x0000000740000000, 0x0000000743400000, 0x0000000754cc0000)
  eden space 42624K,  98% used [0x0000000740000000, 0x00000007428f35b0, 0x00000007429a0000)
  from space 5312K,  22% used [0x00000007429a0000, 0x0000000742acaac8, 0x0000000742ed0000)
  to   space 5312K,   0% used [0x0000000742ed0000, 0x0000000742ed0000, 0x0000000743400000)
 concurrent mark-sweep generation total 106312K, used 44222K [0x0000000754cc0000, 0x000000075b492000, 0x00000007c0000000)
 Metaspace       used 22704K, capacity 23228K, committed 23552K, reserved 1069056K
  class space    used 2846K, capacity 3027K, committed 3072K, reserved 1048576K
Event: 4048.861 GC heap after
Heap after GC invocations=79 (full 64):
 par new generation   total 47936K, used 5312K [0x0000000740000000, 0x0000000743400000, 0x0000000754cc0000)
  eden space 42624K,   0% used [0x0000000740000000, 0x0000000740000000, 0x00000007429a0000)
  from space 5312K, 100% used [0x0000000742ed0000, 0x0000000743400000, 0x0000000743400000)
  to   space 5312K,   0% used [0x00000007429a0000, 0x00000007429a0000, 0x0000000742ed0000)
 concurrent mark-sweep generation total 106312K, used 48392K [0x0000000754cc0000, 0x000000075b492000, 0x00000007c0000000)
 Metaspace       used 22704K, capacity 23228K, committed 23552K, reserved 1069056K
  class space    used 2846K, capacity 3027K, committed 3072K, reserved 1048576K
}
Event: 4049.020 GC heap before
{Heap before GC invocations=79 (full 64):
 par new generation   total 47936K, used 43861K [0x0000000740000000, 0x0000000743400000, 0x0000000754cc0000)
  eden space 42624K,  90% used [0x0000000740000000, 0x00000007425a5538, 0x00000007429a0000)
  from space 5312K, 100% used [0x0000000742ed0000, 0x0000000743400000, 0x0000000743400000)
  to   space 5312K,   0% used [0x00000007429a0000, 0x00000007429a0000, 0x0000000742ed0000)
 concurrent mark-sweep generation total 106312K, used 48392K [0x0000000754cc0000, 0x000000075b492000, 0x00000007c0000000)
 Metaspace       used 22721K, capacity 23228K, committed 23552K, reserved 1069056K
  class space    used 2846K, capacity 3027K, committed 3072K, reserved 1048576K
Event: 4049.029 GC heap after
Heap after GC invocations=80 (full 64):
 par new generation   total 47936K, used 5201K [0x0000000740000000, 0x0000000743400000, 0x0000000754cc0000)
  eden space 42624K,   0% used [0x0000000740000000, 0x0000000740000000, 0x00000007429a0000)
  from space 5312K,  97% used [0x00000007429a0000, 0x0000000742eb4510, 0x0000000742ed0000)
  to   space 5312K,   0% used [0x0000000742ed0000, 0x0000000742ed0000, 0x0000000743400000)
 concurrent mark-sweep generation total 106312K, used 57891K [0x0000000754cc0000, 0x000000075b492000, 0x00000007c0000000)
 Metaspace       used 22721K, capacity 23228K, committed 23552K, reserved 1069056K
  class space    used 2846K, capacity 3027K, committed 3072K, reserved 1048576K
}
Event: 4049.164 GC heap before
{Heap before GC invocations=80 (full 64):
 par new generation   total 47936K, used 47825K [0x0000000740000000, 0x0000000743400000, 0x0000000754cc0000)
  eden space 42624K, 100% used [0x0000000740000000, 0x00000007429a0000, 0x00000007429a0000)
  from space 5312K,  97% used [0x00000007429a0000, 0x0000000742eb4510, 0x0000000742ed0000)
  to   space 5312K,   0% used [0x0000000742ed0000, 0x0000000742ed0000, 0x0000000743400000)
 concurrent mark-sweep generation total 106312K, used 57891K [0x0000000754cc0000, 0x000000075b492000, 0x00000007c0000000)
 Metaspace       used 22730K, capacity 23228K, committed 23552K, reserved 1069056K
  class space    used 2846K, capacity 3027K, committed 3072K, reserved 1048576K
Event: 4049.175 GC heap after
Heap after GC invocations=81 (full 64):
 par new generation   total 47936K, used 5311K [0x0000000740000000, 0x0000000743400000, 0x0000000754cc0000)
  eden space 42624K,   0% used [0x0000000740000000, 0x0000000740000000, 0x00000007429a0000)
  from space 5312K,  99% used [0x0000000742ed0000, 0x00000007433fffe0, 0x0000000743400000)
  to   space 5312K,   0% used [0x00000007429a0000, 0x00000007429a0000, 0x0000000742ed0000)
 concurrent mark-sweep generation total 106312K, used 59415K [0x0000000754cc0000, 0x000000075b492000, 0x00000007c0000000)
 Metaspace       used 22730K, capacity 23228K, committed 23552K, reserved 1069056K
  class space    used 2846K, capacity 3027K, committed 3072K, reserved 1048576K
}
Event: 4858.563 GC heap before
{Heap before GC invocations=81 (full 64):
 par new generation   total 47936K, used 8398K [0x0000000740000000, 0x0000000743400000, 0x0000000754cc0000)
  eden space 42624K,   7% used [0x0000000740000000, 0x0000000740303ac8, 0x00000007429a0000)
  from space 5312K,  99% used [0x0000000742ed0000, 0x00000007433fffe0, 0x0000000743400000)
  to   space 5312K,   0% used [0x00000007429a0000, 0x00000007429a0000, 0x0000000742ed0000)
 concurrent mark-sweep generation total 106312K, used 59415K [0x0000000754cc0000, 0x000000075b492000, 0x00000007c0000000)
 Metaspace       used 22733K, capacity 23228K, committed 23552K, reserved 1069056K
  class space    used 2846K, capacity 3027K, committed 3072K, reserved 1048576K
Event: 4858.726 GC heap after
Heap after GC invocations=82 (full 65):
 par new generation   total 47936K, used 0K [0x0000000740000000, 0x0000000743400000, 0x0000000754cc0000)
  eden space 42624K,   0% used [0x0000000740000000, 0x0000000740000000, 0x00000007429a0000)
  from space 5312K,   0% used [0x0000000742ed0000, 0x0000000742ed0000, 0x0000000743400000)
  to   space 5312K,   0% used [0x00000007429a0000, 0x00000007429a0000, 0x0000000742ed0000)
 concurrent mark-sweep generation total 106312K, used 45721K [0x0000000754cc0000, 0x000000075b492000, 0x00000007c0000000)
 Metaspace       used 22653K, capacity 23102K, committed 23552K, reserved 1069056K
  class space    used 2834K, capacity 3006K, committed 3072K, reserved 1048576K
}

Deoptimization events (10 events):
Event: 1502.929 Thread 0x00007fd1241d3000 Uncommon trap: reason=class_check action=maybe_recompile pc=0x000000010e1cd150 method=java.io.DataInputStream.readChar()C @ 4
Event: 1502.982 Thread 0x00007fd1241d3000 Uncommon trap: reason=class_check action=maybe_recompile pc=0x000000010e1cd150 method=java.io.DataInputStream.readChar()C @ 4
Event: 4039.199 Thread 0x00007fd1241d3000 Uncommon trap: reason=predicate action=maybe_recompile pc=0x000000010e5c71f0 method=java.util.TimSort.reverseRange([Ljava/lang/Object;II)V @ 8
Event: 4050.977 Thread 0x00007fd1241d3000 Uncommon trap: reason=array_check action=maybe_recompile pc=0x000000010e92fa68 method=java.util.TimSort.reverseRange([Ljava/lang/Object;II)V @ 20
Event: 4050.977 Thread 0x00007fd1241d3000 Uncommon trap: reason=array_check action=maybe_recompile pc=0x000000010e92fa68 method=java.util.TimSort.reverseRange([Ljava/lang/Object;II)V @ 20
Event: 4050.997 Thread 0x00007fd1241d3000 Uncommon trap: reason=array_check action=maybe_recompile pc=0x000000010e92fa68 method=java.util.TimSort.reverseRange([Ljava/lang/Object;II)V @ 20
Event: 4050.997 Thread 0x00007fd1241d3000 Uncommon trap: reason=array_check action=maybe_recompile pc=0x000000010e92fa68 method=java.util.TimSort.reverseRange([Ljava/lang/Object;II)V @ 20
Event: 4858.732 Thread 0x00007fd1228ca800 Uncommon trap: reason=unreached action=reinterpret pc=0x000000010e723f98 method=sun.java2d.Disposer.clearDeferredRecords()V @ 3
Event: 4936.408 Thread 0x00007fd1241d3000 Uncommon trap: reason=array_check action=maybe_recompile pc=0x000000010e92d80c method=java.util.TimSort.reverseRange([Ljava/lang/Object;II)V @ 27
Event: 4936.408 Thread 0x00007fd1241d3000 Uncommon trap: reason=array_check action=maybe_recompile pc=0x000000010e92d80c method=java.util.TimSort.reverseRange([Ljava/lang/Object;II)V @ 27

Internal exceptions (10 events):
Event: 4048.816 Thread 0x00007fd1273ff000 Exception <a 'java/security/PrivilegedActionException'> (0x0000000741a65ca0) thrown at [/Users/java_re/workspace/8-2-build-macosx-x86_64/jdk8u31/2394/hotspot/src/share/vm/prims/jvm.cpp, line 1312]
Event: 4048.816 Thread 0x00007fd1273ff000 Exception <a 'java/security/PrivilegedActionException'> (0x0000000741a67a98) thrown at [/Users/java_re/workspace/8-2-build-macosx-x86_64/jdk8u31/2394/hotspot/src/share/vm/prims/jvm.cpp, line 1312]
Event: 4048.817 Thread 0x00007fd1273ff000 Exception <a 'java/security/PrivilegedActionException'> (0x0000000741a6b618) thrown at [/Users/java_re/workspace/8-2-build-macosx-x86_64/jdk8u31/2394/hotspot/src/share/vm/prims/jvm.cpp, line 1312]
Event: 4048.817 Thread 0x00007fd1273ff000 Exception <a 'java/security/PrivilegedActionException'> (0x0000000741a6d238) thrown at [/Users/java_re/workspace/8-2-build-macosx-x86_64/jdk8u31/2394/hotspot/src/share/vm/prims/jvm.cpp, line 1312]
Event: 4048.820 Thread 0x00007fd1273ff000 Exception <a 'java/security/PrivilegedActionException'> (0x0000000741a766e0) thrown at [/Users/java_re/workspace/8-2-build-macosx-x86_64/jdk8u31/2394/hotspot/src/share/vm/prims/jvm.cpp, line 1312]
Event: 4048.820 Thread 0x00007fd1273ff000 Exception <a 'java/security/PrivilegedActionException'> (0x0000000741b01298) thrown at [/Users/java_re/workspace/8-2-build-macosx-x86_64/jdk8u31/2394/hotspot/src/share/vm/prims/jvm.cpp, line 1312]
Event: 4048.822 Thread 0x00007fd1273ff000 Exception <a 'java/security/PrivilegedActionException'> (0x0000000741b12688) thrown at [/Users/java_re/workspace/8-2-build-macosx-x86_64/jdk8u31/2394/hotspot/src/share/vm/prims/jvm.cpp, line 1312]
Event: 4048.822 Thread 0x00007fd1273ff000 Exception <a 'java/security/PrivilegedActionException'> (0x0000000741b14128) thrown at [/Users/java_re/workspace/8-2-build-macosx-x86_64/jdk8u31/2394/hotspot/src/share/vm/prims/jvm.cpp, line 1312]
Event: 4048.824 Thread 0x00007fd1273ff000 Exception <a 'java/security/PrivilegedActionException'> (0x0000000741b23780) thrown at [/Users/java_re/workspace/8-2-build-macosx-x86_64/jdk8u31/2394/hotspot/src/share/vm/prims/jvm.cpp, line 1312]
Event: 4048.824 Thread 0x00007fd1273ff000 Exception <a 'java/security/PrivilegedActionException'> (0x0000000741b25320) thrown at [/Users/java_re/workspace/8-2-build-macosx-x86_64/jdk8u31/2394/hotspot/src/share/vm/prims/jvm.cpp, line 1312]

Events (10 events):
Event: 5403.277 Executing VM operation: RevokeBias done
Event: 5478.286 Thread 0x00007fd127178000 Thread exited: 0x00007fd127178000
Event: 5563.774 Executing VM operation: RevokeBias
Event: 5563.774 Executing VM operation: RevokeBias done
Event: 5703.280 Thread 0x00007fd1282be000 Thread added: 0x00007fd1282be000
Event: 5703.281 Executing VM operation: RevokeBias
Event: 5703.281 Executing VM operation: RevokeBias done
Event: 5778.289 Thread 0x00007fd1282be000 Thread exited: 0x00007fd1282be000
Event: 5863.786 Executing VM operation: RevokeBias
Event: 5863.786 Executing VM operation: RevokeBias done


Dynamic libraries:
0x000000000a5a7000 	/System/Library/Frameworks/Cocoa.framework/Versions/A/Cocoa
0x000000000a5a7000 	/System/Library/Frameworks/Security.framework/Versions/A/Security
0x000000000a5a7000 	/System/Library/Frameworks/ApplicationServices.framework/Versions/A/ApplicationServices
0x000000000a5a7000 	/usr/lib/libz.1.dylib
0x000000000a5a7000 	/usr/lib/libSystem.B.dylib
0x000000000a5a7000 	/usr/lib/libobjc.A.dylib
0x000000000a5a7000 	/System/Library/Frameworks/CoreFoundation.framework/Versions/A/CoreFoundation
0x000000000a5a7000 	/System/Library/Frameworks/Foundation.framework/Versions/C/Foundation
0x000000000a5a7000 	/System/Library/Frameworks/AppKit.framework/Versions/C/AppKit
0x000000000a5a7000 	/System/Library/Frameworks/CoreData.framework/Versions/A/CoreData
0x000000000a5a7000 	/System/Library/PrivateFrameworks/RemoteViewServices.framework/Versions/A/RemoteViewServices
0x000000000a5a7000 	/System/Library/PrivateFrameworks/UIFoundation.framework/Versions/A/UIFoundation
0x000000000a5a7000 	/usr/lib/libScreenReader.dylib
0x000000000a5a7000 	/System/Library/Frameworks/Accelerate.framework/Versions/A/Accelerate
0x000000000a5a7000 	/System/Library/Frameworks/IOSurface.framework/Versions/A/IOSurface
0x000000000a5a7000 	/System/Library/Frameworks/AudioToolbox.framework/Versions/A/AudioToolbox
0x000000000a5a7000 	/System/Library/Frameworks/AudioUnit.framework/Versions/A/AudioUnit
0x000000000a5a7000 	/System/Library/PrivateFrameworks/DataDetectorsCore.framework/Versions/A/DataDetectorsCore
0x000000000a5a7000 	/System/Library/PrivateFrameworks/DesktopServicesPriv.framework/Versions/A/DesktopServicesPriv
0x000000000a5a7000 	/System/Library/Frameworks/Carbon.framework/Versions/A/Frameworks/HIToolbox.framework/Versions/A/HIToolbox
0x000000000a5a7000 	/System/Library/Frameworks/QuartzCore.framework/Versions/A/QuartzCore
0x000000000a5a7000 	/System/Library/Frameworks/Carbon.framework/Versions/A/Frameworks/SpeechRecognition.framework/Versions/A/SpeechRecognition
0x000000000a5a7000 	/usr/lib/libauto.dylib
0x000000000a5a7000 	/usr/lib/libicucore.A.dylib
0x000000000a5a7000 	/usr/lib/libxml2.2.dylib
0x000000000a5a7000 	/System/Library/PrivateFrameworks/CoreUI.framework/Versions/A/CoreUI
0x000000000a5a7000 	/System/Library/Frameworks/CoreAudio.framework/Versions/A/CoreAudio
0x000000000a5a7000 	/System/Library/Frameworks/DiskArbitration.framework/Versions/A/DiskArbitration
0x000000000a5a7000 	/usr/lib/liblangid.dylib
0x000000000a5a7000 	/System/Library/PrivateFrameworks/MultitouchSupport.framework/Versions/A/MultitouchSupport
0x000000000a5a7000 	/System/Library/Frameworks/IOKit.framework/Versions/A/IOKit
0x000000000a5a7000 	/usr/lib/libDiagnosticMessagesClient.dylib
0x000000000a5a7000 	/System/Library/Frameworks/CoreServices.framework/Versions/A/CoreServices
0x000000000a5a7000 	/System/Library/PrivateFrameworks/PerformanceAnalysis.framework/Versions/A/PerformanceAnalysis
0x000000000a5a7000 	/System/Library/PrivateFrameworks/GenerationalStorage.framework/Versions/A/GenerationalStorage
0x000000000a5a7000 	/System/Library/Frameworks/OpenGL.framework/Versions/A/OpenGL
0x000000000a5a7000 	/System/Library/PrivateFrameworks/Sharing.framework/Versions/A/Sharing
0x000000000a5a7000 	/System/Library/Frameworks/CoreGraphics.framework/Versions/A/CoreGraphics
0x000000000a5a7000 	/System/Library/Frameworks/CoreImage.framework/Versions/A/CoreImage
0x000000000a5a7000 	/System/Library/Frameworks/CoreText.framework/Versions/A/CoreText
0x000000000a5a7000 	/System/Library/Frameworks/ImageIO.framework/Versions/A/ImageIO
0x000000000a5a7000 	/System/Library/PrivateFrameworks/Backup.framework/Versions/A/Backup
0x000000000a5a7000 	/usr/lib/libextension.dylib
0x000000000a5a7000 	/usr/lib/libarchive.2.dylib
0x000000000a5a7000 	/System/Library/Frameworks/CFNetwork.framework/Versions/A/CFNetwork
0x000000000a5a7000 	/System/Library/Frameworks/SystemConfiguration.framework/Versions/A/SystemConfiguration
0x000000000a5a7000 	/usr/lib/libCRFSuite.dylib
0x000000000a5a7000 	/usr/lib/libc++.1.dylib
0x000000000a5a7000 	/usr/lib/libc++abi.dylib
0x000000000a5a7000 	/usr/lib/system/libcache.dylib
0x000000000a5a7000 	/usr/lib/system/libcommonCrypto.dylib
0x000000000a5a7000 	/usr/lib/system/libcompiler_rt.dylib
0x000000000a5a7000 	/usr/lib/system/libcopyfile.dylib
0x000000000a5a7000 	/usr/lib/system/libcorecrypto.dylib
0x000000000a5a7000 	/usr/lib/system/libdispatch.dylib
0x000000000a5a7000 	/usr/lib/system/libdyld.dylib
0x000000000a5a7000 	/usr/lib/system/libkeymgr.dylib
0x000000000a5a7000 	/usr/lib/system/liblaunch.dylib
0x000000000a5a7000 	/usr/lib/system/libmacho.dylib
0x000000000a5a7000 	/usr/lib/system/libquarantine.dylib
0x000000000a5a7000 	/usr/lib/system/libremovefile.dylib
0x000000000a5a7000 	/usr/lib/system/libsystem_asl.dylib
0x000000000a5a7000 	/usr/lib/system/libsystem_blocks.dylib
0x000000000a5a7000 	/usr/lib/system/libsystem_c.dylib
0x000000000a5a7000 	/usr/lib/system/libsystem_configuration.dylib
0x000000000a5a7000 	/usr/lib/system/libsystem_coreservices.dylib
0x000000000a5a7000 	/usr/lib/system/libsystem_coretls.dylib
0x000000000a5a7000 	/usr/lib/system/libsystem_dnssd.dylib
0x000000000a5a7000 	/usr/lib/system/libsystem_info.dylib
0x000000000a5a7000 	/usr/lib/system/libsystem_kernel.dylib
0x000000000a5a7000 	/usr/lib/system/libsystem_m.dylib
0x000000000a5a7000 	/usr/lib/system/libsystem_malloc.dylib
0x000000000a5a7000 	/usr/lib/system/libsystem_network.dylib
0x000000000a5a7000 	/usr/lib/system/libsystem_networkextension.dylib
0x000000000a5a7000 	/usr/lib/system/libsystem_notify.dylib
0x000000000a5a7000 	/usr/lib/system/libsystem_platform.dylib
0x000000000a5a7000 	/usr/lib/system/libsystem_pthread.dylib
0x000000000a5a7000 	/usr/lib/system/libsystem_sandbox.dylib
0x000000000a5a7000 	/usr/lib/system/libsystem_secinit.dylib
0x000000000a5a7000 	/usr/lib/system/libsystem_trace.dylib
0x000000000a5a7000 	/usr/lib/system/libunc.dylib
0x000000000a5a7000 	/usr/lib/system/libunwind.dylib
0x000000000a5a7000 	/usr/lib/system/libxpc.dylib
0x000000000a5a7000 	/usr/lib/libenergytrace.dylib
0x000000000a5a7000 	/usr/lib/libbsm.0.dylib
0x000000000a5a7000 	/usr/lib/system/libkxld.dylib
0x000000000a5a7000 	/usr/lib/libxar.1.dylib
0x000000000a5a7000 	/usr/lib/libsqlite3.dylib
0x000000000a5a7000 	/usr/lib/libpam.2.dylib
0x000000000a5a7000 	/usr/lib/libOpenScriptingUtil.dylib
0x000000000a5a7000 	/usr/lib/libbz2.1.0.dylib
0x000000000a5a7000 	/usr/lib/liblzma.5.dylib
0x000000000a5a7000 	/System/Library/Frameworks/CoreServices.framework/Versions/A/Frameworks/FSEvents.framework/Versions/A/FSEvents
0x000000000a5a7000 	/System/Library/Frameworks/CoreServices.framework/Versions/A/Frameworks/CarbonCore.framework/Versions/A/CarbonCore
0x000000000a5a7000 	/System/Library/Frameworks/CoreServices.framework/Versions/A/Frameworks/Metadata.framework/Versions/A/Metadata
0x000000000a5a7000 	/System/Library/Frameworks/CoreServices.framework/Versions/A/Frameworks/OSServices.framework/Versions/A/OSServices
0x000000000a5a7000 	/System/Library/Frameworks/CoreServices.framework/Versions/A/Frameworks/SearchKit.framework/Versions/A/SearchKit
0x000000000a5a7000 	/System/Library/Frameworks/CoreServices.framework/Versions/A/Frameworks/AE.framework/Versions/A/AE
0x000000000a5a7000 	/System/Library/Frameworks/CoreServices.framework/Versions/A/Frameworks/LaunchServices.framework/Versions/A/LaunchServices
0x000000000a5a7000 	/System/Library/Frameworks/CoreServices.framework/Versions/A/Frameworks/DictionaryServices.framework/Versions/A/DictionaryServices
0x000000000a5a7000 	/System/Library/Frameworks/CoreServices.framework/Versions/A/Frameworks/SharedFileList.framework/Versions/A/SharedFileList
0x000000000a5a7000 	/System/Library/Frameworks/NetFS.framework/Versions/A/NetFS
0x000000000a5a7000 	/System/Library/PrivateFrameworks/NetAuth.framework/Versions/A/NetAuth
0x000000000a5a7000 	/System/Library/PrivateFrameworks/login.framework/Versions/A/Frameworks/loginsupport.framework/Versions/A/loginsupport
0x000000000a5a7000 	/System/Library/PrivateFrameworks/TCC.framework/Versions/A/TCC
0x000000000a5a7000 	/usr/lib/libmecabra.dylib
0x000000000a5a7000 	/System/Library/Frameworks/ApplicationServices.framework/Versions/A/Frameworks/ATS.framework/Versions/A/ATS
0x000000000a5a7000 	/System/Library/Frameworks/ApplicationServices.framework/Versions/A/Frameworks/ColorSync.framework/Versions/A/ColorSync
0x000000000a5a7000 	/System/Library/Frameworks/ApplicationServices.framework/Versions/A/Frameworks/HIServices.framework/Versions/A/HIServices
0x000000000a5a7000 	/System/Library/Frameworks/ApplicationServices.framework/Versions/A/Frameworks/LangAnalysis.framework/Versions/A/LangAnalysis
0x000000000a5a7000 	/System/Library/Frameworks/ApplicationServices.framework/Versions/A/Frameworks/PrintCore.framework/Versions/A/PrintCore
0x000000000a5a7000 	/System/Library/Frameworks/ApplicationServices.framework/Versions/A/Frameworks/QD.framework/Versions/A/QD
0x000000000a5a7000 	/System/Library/Frameworks/ApplicationServices.framework/Versions/A/Frameworks/SpeechSynthesis.framework/Versions/A/SpeechSynthesis
0x000000000a5a7000 	/System/Library/Frameworks/Metal.framework/Versions/A/Metal
0x000000000a5a7000 	/System/Library/Frameworks/Accelerate.framework/Versions/A/Frameworks/vImage.framework/Versions/A/vImage
0x000000000a5a7000 	/System/Library/Frameworks/Accelerate.framework/Versions/A/Frameworks/vecLib.framework/Versions/A/vecLib
0x000000000a5a7000 	/System/Library/Frameworks/Accelerate.framework/Versions/A/Frameworks/vecLib.framework/Versions/A/libvDSP.dylib
0x000000000a5a7000 	/System/Library/Frameworks/Accelerate.framework/Versions/A/Frameworks/vecLib.framework/Versions/A/libvMisc.dylib
0x000000000a5a7000 	/System/Library/Frameworks/Accelerate.framework/Versions/A/Frameworks/vecLib.framework/Versions/A/libLAPACK.dylib
0x000000000a5a7000 	/System/Library/Frameworks/Accelerate.framework/Versions/A/Frameworks/vecLib.framework/Versions/A/libBLAS.dylib
0x000000000a5a7000 	/System/Library/Frameworks/Accelerate.framework/Versions/A/Frameworks/vecLib.framework/Versions/A/libLinearAlgebra.dylib
0x000000000a5a7000 	/System/Library/Frameworks/Accelerate.framework/Versions/A/Frameworks/vecLib.framework/Versions/A/libSparseBLAS.dylib
0x000000000a5a7000 	/System/Library/PrivateFrameworks/GPUCompiler.framework/libmetal_timestamp.dylib
0x000000000a5a7000 	/System/Library/Frameworks/OpenGL.framework/Versions/A/Libraries/libCoreFSCache.dylib
0x000000000a5a7000 	/System/Library/PrivateFrameworks/IOAccelerator.framework/Versions/A/IOAccelerator
0x000000000a5a7000 	/System/Library/Frameworks/ApplicationServices.framework/Versions/A/Frameworks/ATS.framework/Versions/A/Resources/libFontParser.dylib
0x000000000a5a7000 	/System/Library/Frameworks/ApplicationServices.framework/Versions/A/Frameworks/ATS.framework/Versions/A/Resources/libFontRegistry.dylib
0x000000000a5a7000 	/System/Library/PrivateFrameworks/AppleVPA.framework/Versions/A/AppleVPA
0x000000000a5a7000 	/System/Library/PrivateFrameworks/AppleJPEG.framework/Versions/A/AppleJPEG
0x000000000a5a7000 	/System/Library/Frameworks/ImageIO.framework/Versions/A/Resources/libJPEG.dylib
0x000000000a5a7000 	/System/Library/Frameworks/ImageIO.framework/Versions/A/Resources/libTIFF.dylib
0x000000000a5a7000 	/System/Library/Frameworks/ImageIO.framework/Versions/A/Resources/libPng.dylib
0x000000000a5a7000 	/System/Library/Frameworks/ImageIO.framework/Versions/A/Resources/libGIF.dylib
0x000000000a5a7000 	/System/Library/Frameworks/ImageIO.framework/Versions/A/Resources/libJP2.dylib
0x000000000a5a7000 	/System/Library/Frameworks/ImageIO.framework/Versions/A/Resources/libRadiance.dylib
0x000000000a5a7000 	/System/Library/Frameworks/CoreVideo.framework/Versions/A/CoreVideo
0x000000000a5a7000 	/System/Library/Frameworks/OpenGL.framework/Versions/A/Libraries/libGLU.dylib
0x000000000a5a7000 	/System/Library/Frameworks/OpenGL.framework/Versions/A/Libraries/libGFXShared.dylib
0x000000000a5a7000 	/System/Library/Frameworks/OpenGL.framework/Versions/A/Libraries/libGL.dylib
0x000000000a5a7000 	/System/Library/Frameworks/OpenGL.framework/Versions/A/Libraries/libGLImage.dylib
0x000000000a5a7000 	/System/Library/Frameworks/OpenGL.framework/Versions/A/Libraries/libCVMSPluginSupport.dylib
0x000000000a5a7000 	/System/Library/Frameworks/OpenGL.framework/Versions/A/Libraries/libCoreVMClient.dylib
0x000000000a5a7000 	/usr/lib/libcups.2.dylib
0x000000000a5a7000 	/System/Library/Frameworks/Kerberos.framework/Versions/A/Kerberos
0x000000000a5a7000 	/System/Library/Frameworks/GSS.framework/Versions/A/GSS
0x000000000a5a7000 	/usr/lib/libresolv.9.dylib
0x000000000a5a7000 	/usr/lib/libiconv.2.dylib
0x000000000a5a7000 	/System/Library/PrivateFrameworks/Heimdal.framework/Versions/A/Heimdal
0x000000000a5a7000 	/usr/lib/libheimdal-asn1.dylib
0x000000000a5a7000 	/System/Library/Frameworks/OpenDirectory.framework/Versions/A/OpenDirectory
0x000000000a5a7000 	/System/Library/PrivateFrameworks/CommonAuth.framework/Versions/A/CommonAuth
0x000000000a5a7000 	/System/Library/Frameworks/OpenDirectory.framework/Versions/A/Frameworks/CFOpenDirectory.framework/Versions/A/CFOpenDirectory
0x000000000a5a7000 	/System/Library/Frameworks/SecurityFoundation.framework/Versions/A/SecurityFoundation
0x000000000a5a7000 	/System/Library/PrivateFrameworks/LanguageModeling.framework/Versions/A/LanguageModeling
0x000000000a5a7000 	/usr/lib/libmarisa.dylib
0x000000000a5a7000 	/usr/lib/libChineseTokenizer.dylib
0x000000000a5a7000 	/usr/lib/libcmph.dylib
0x000000000a5a7000 	/usr/lib/libcompression.dylib
0x000000000a5a7000 	/System/Library/Frameworks/ServiceManagement.framework/Versions/A/ServiceManagement
0x000000000a5a7000 	/usr/lib/libxslt.1.dylib
0x000000000a5a7000 	/System/Library/Frameworks/Carbon.framework/Versions/A/Frameworks/Ink.framework/Versions/A/Ink
0x000000000a5a7000 	/usr/lib/libFosl_dynamic.dylib
0x000000000a5a7000 	/System/Library/PrivateFrameworks/FaceCore.framework/Versions/A/FaceCore
0x000000000a5a7000 	/System/Library/Frameworks/OpenCL.framework/Versions/A/OpenCL
0x000000000a5a7000 	/System/Library/PrivateFrameworks/CrashReporterSupport.framework/Versions/A/CrashReporterSupport
0x000000000a5a7000 	/System/Library/PrivateFrameworks/IconServices.framework/Versions/A/IconServices
0x000000000a5a7000 	/System/Library/PrivateFrameworks/Apple80211.framework/Versions/A/Apple80211
0x000000000a5a7000 	/System/Library/Frameworks/CoreWLAN.framework/Versions/A/CoreWLAN
0x000000000a5a7000 	/System/Library/Frameworks/IOBluetooth.framework/Versions/A/IOBluetooth
0x000000000a5a7000 	/System/Library/PrivateFrameworks/CoreWiFi.framework/Versions/A/CoreWiFi
0x000000000a5a7000 	/System/Library/Frameworks/CoreBluetooth.framework/Versions/A/CoreBluetooth
0x000000000a5a7000 	/System/Library/PrivateFrameworks/ChunkingLibrary.framework/Versions/A/ChunkingLibrary
0x000000000a5a7000 	/System/Library/PrivateFrameworks/DebugSymbols.framework/Versions/A/DebugSymbols
0x000000000a5a7000 	/System/Library/PrivateFrameworks/CoreSymbolication.framework/Versions/A/CoreSymbolication
0x000000000a5a7000 	/System/Library/PrivateFrameworks/Symbolication.framework/Versions/A/Symbolication
0x000000000a5a7000 	/System/Library/PrivateFrameworks/SpeechRecognitionCore.framework/Versions/A/SpeechRecognitionCore
0x000000010bfa6000 	/Users/AddisonMacbook/Desktop/Greenfoot 2.4.2/Greenfoot.app/Contents/Frameworks/jdk.framework/Versions/A/Contents/Home/jre/lib/server/libjvm.dylib
0x000000010cec5000 	/usr/lib/libstdc++.6.dylib
0x000000010cf80000 	/Users/AddisonMacbook/Desktop/Greenfoot 2.4.2/Greenfoot.app/Contents/Frameworks/jdk.framework/Versions/A/Contents/Home/jre/lib/libverify.dylib
0x000000010cf8e000 	/Users/AddisonMacbook/Desktop/Greenfoot 2.4.2/Greenfoot.app/Contents/Frameworks/jdk.framework/Versions/A/Contents/Home/jre/lib/libjava.dylib
0x000000010d800000 	/Users/AddisonMacbook/Desktop/Greenfoot 2.4.2/Greenfoot.app/Contents/Frameworks/jdk.framework/Versions/A/Contents/Home/jre/lib/libjdwp.dylib
0x000000010cfc3000 	/Users/AddisonMacbook/Desktop/Greenfoot 2.4.2/Greenfoot.app/Contents/Frameworks/jdk.framework/Versions/A/Contents/Home/jre/lib/libnpt.dylib
0x000000010cfd0000 	/Users/AddisonMacbook/Desktop/Greenfoot 2.4.2/Greenfoot.app/Contents/Frameworks/jdk.framework/Versions/A/Contents/Home/jre/lib/libzip.dylib
0x0000000122292000 	/System/Library/Frameworks/JavaVM.framework/Frameworks/JavaRuntimeSupport.framework/JavaRuntimeSupport
0x00000001222ad000 	/System/Library/Frameworks/JavaVM.framework/Versions/A/Frameworks/JavaNativeFoundation.framework/Versions/A/JavaNativeFoundation
0x00000001222c2000 	/System/Library/Frameworks/JavaVM.framework/Versions/A/JavaVM
0x000000000a5a7000 	/System/Library/Frameworks/Carbon.framework/Versions/A/Carbon
0x00000001222cf000 	/System/Library/PrivateFrameworks/JavaLaunching.framework/Versions/A/JavaLaunching
0x000000000a5a7000 	/System/Library/Frameworks/Carbon.framework/Versions/A/Frameworks/CommonPanels.framework/Versions/A/CommonPanels
0x000000000a5a7000 	/System/Library/Frameworks/Carbon.framework/Versions/A/Frameworks/Help.framework/Versions/A/Help
0x000000000a5a7000 	/System/Library/Frameworks/Carbon.framework/Versions/A/Frameworks/ImageCapture.framework/Versions/A/ImageCapture
0x000000000a5a7000 	/System/Library/Frameworks/Carbon.framework/Versions/A/Frameworks/OpenScripting.framework/Versions/A/OpenScripting
0x000000000a5a7000 	/System/Library/Frameworks/Carbon.framework/Versions/A/Frameworks/Print.framework/Versions/A/Print
0x000000000a5a7000 	/System/Library/Frameworks/Carbon.framework/Versions/A/Frameworks/SecurityHI.framework/Versions/A/SecurityHI
0x0000000123bf0000 	/Users/AddisonMacbook/Desktop/Greenfoot 2.4.2/Greenfoot.app/Contents/Frameworks/jdk.framework/Versions/A/Contents/Home/jre/lib/libdt_socket.dylib
0x0000000123c1c000 	/Users/AddisonMacbook/Desktop/Greenfoot 2.4.2/Greenfoot.app/Contents/Frameworks/jdk.framework/Versions/A/Contents/Home/jre/lib/libawt.dylib
0x0000000123ccb000 	/Users/AddisonMacbook/Desktop/Greenfoot 2.4.2/Greenfoot.app/Contents/Frameworks/jdk.framework/Versions/A/Contents/Home/jre/lib/./libmlib_image.dylib
0x0000000123d97000 	/Users/AddisonMacbook/Desktop/Greenfoot 2.4.2/Greenfoot.app/Contents/Frameworks/jdk.framework/Versions/A/Contents/Home/jre/lib/libawt_lwawt.dylib
0x0000000123e4a000 	/Users/AddisonMacbook/Desktop/Greenfoot 2.4.2/Greenfoot.app/Contents/Frameworks/jdk.framework/Versions/A/Contents/Home/jre/lib/./libosxapp.dylib
0x000000000a5a7000 	/System/Library/Frameworks/ExceptionHandling.framework/Versions/A/ExceptionHandling
0x000000000a5a7000 	/System/Library/PrivateFrameworks/CoreServicesInternal.framework/Versions/A/CoreServicesInternal
0x000000000a5a7000 	/System/Library/CoreServices/RawCamera.bundle/Contents/MacOS/RawCamera
0x000000000a5a7000 	/System/Library/Frameworks/CoreGraphics.framework/Versions/A/Resources/libRIP.A.dylib
0x0000000124819000 	/System/Library/Frameworks/Accelerate.framework/Frameworks/vImage.framework/Versions/A/Libraries/libCGInterfaces.dylib
0x000000000a5a7000 	/System/Library/Frameworks/CoreGraphics.framework/Versions/A/Resources/libCGXType.A.dylib
0x000000000a5a7000 	/System/Library/Frameworks/OpenCL.framework/Versions/A/Libraries/libcldcpuengine.dylib
0x000000000a5a7000 	/System/Library/PrivateFrameworks/DiskImages.framework/Versions/A/DiskImages
0x000000000a5a7000 	/System/Library/Frameworks/DiscRecording.framework/Versions/A/DiscRecording
0x000000000a5a7000 	/usr/lib/libcsfde.dylib
0x000000000a5a7000 	/usr/lib/libcurl.4.dylib
0x000000000a5a7000 	/System/Library/PrivateFrameworks/MediaKit.framework/Versions/A/MediaKit
0x000000000a5a7000 	/System/Library/PrivateFrameworks/ProtectedCloudStorage.framework/Versions/A/ProtectedCloudStorage
0x000000000a5a7000 	/usr/lib/libCoreStorage.dylib
0x000000000a5a7000 	/System/Library/PrivateFrameworks/EFILogin.framework/Versions/A/EFILogin
0x000000000a5a7000 	/usr/lib/libutil.dylib
0x000000000a5a7000 	/System/Library/PrivateFrameworks/FindMyDevice.framework/Versions/A/FindMyDevice
0x000000000a5a7000 	/System/Library/Frameworks/LDAP.framework/Versions/A/LDAP
0x000000000a5a7000 	/usr/lib/libsasl2.2.dylib
0x000000000a5a7000 	/System/Library/PrivateFrameworks/CoreDaemon.framework/Versions/B/CoreDaemon
0x000000000a5a7000 	/usr/lib/libcrypto.0.9.8.dylib
0x000000000a5a7000 	/System/Library/PrivateFrameworks/AppleSRP.framework/Versions/A/AppleSRP
0x000000000a5a7000 	/System/Library/PrivateFrameworks/TrustEvaluationAgent.framework/Versions/A/TrustEvaluationAgent
0x00000001253da000 	cl_kernels
0x000000000a5a7000 	/System/Library/Frameworks/OpenCL.framework/Versions/A/Libraries/ImageFormats/unorm8_bgra.dylib
0x000000000a5a7000 	/System/Library/Frameworks/OpenCL.framework/Versions/A/Libraries/ImageFormats/unorm8_rgba.dylib
0x000000000a5a7000 	/System/Library/PrivateFrameworks/FamilyControls.framework/Versions/A/FamilyControls
0x000000000a5a7000 	/System/Library/PrivateFrameworks/CommerceKit.framework/Versions/A/Frameworks/CommerceCore.framework/Versions/A/CommerceCore
0x000000000a5a7000 	/System/Library/PrivateFrameworks/SystemAdministration.framework/Versions/A/SystemAdministration
0x000000000a5a7000 	/System/Library/PrivateFrameworks/AppContainer.framework/Versions/A/AppContainer
0x000000000a5a7000 	/System/Library/PrivateFrameworks/SecCodeWrapper.framework/Versions/A/SecCodeWrapper
0x000000000a5a7000 	/System/Library/Frameworks/DirectoryService.framework/Versions/A/DirectoryService
0x000000000a5a7000 	/System/Library/PrivateFrameworks/LoginUIKit.framework/Versions/A/Frameworks/LoginUICore.framework/Versions/A/LoginUICore
0x000000000a5a7000 	/usr/lib/libodfde.dylib
0x00000001265c6000 	/Users/AddisonMacbook/Desktop/Greenfoot 2.4.2/Greenfoot.app/Contents/Frameworks/jdk.framework/Versions/A/Contents/Home/jre/lib/libfontmanager.dylib
0x000000012665c000 	/Users/AddisonMacbook/Desktop/Greenfoot 2.4.2/Greenfoot.app/Contents/Frameworks/jdk.framework/Versions/A/Contents/Home/jre/lib/libnet.dylib
0x0000000126673000 	/System/Library/Frameworks/OpenGL.framework/Resources/GLEngine.bundle/GLEngine
0x000000000a5a7000 	/System/Library/Frameworks/OpenGL.framework/Versions/A/Libraries/libGLProgrammability.dylib
0x000000012685b000 	/System/Library/Extensions/AppleIntelBDWGraphicsGLDriver.bundle/Contents/MacOS/AppleIntelBDWGraphicsGLDriver
0x000000000a5a7000 	/System/Library/PrivateFrameworks/GPUSupport.framework/Versions/A/Libraries/libGPUSupportMercury.dylib
0x0000000126fb1000 	/System/Library/Frameworks/OpenGL.framework/Resources//GLRendererFloat.bundle/GLRendererFloat
0x000000012786c000 	/Users/AddisonMacbook/Desktop/Greenfoot 2.4.2/Greenfoot.app/Contents/Frameworks/jdk.framework/Versions/A/Contents/Home/jre/lib/libnio.dylib
0x0000000127a7c000 	/Users/AddisonMacbook/Desktop/Greenfoot 2.4.2/Greenfoot.app/Contents/Frameworks/jdk.framework/Versions/A/Contents/Home/jre/lib/libosxui.dylib
0x0000000128809000 	/Users/AddisonMacbook/Desktop/Greenfoot 2.4.2/Greenfoot.app/Contents/Frameworks/jdk.framework/Versions/A/Contents/Home/jre/lib/libjsound.dylib
0x000000012881c000 	/System/Library/Frameworks/CoreMIDI.framework/Versions/A/CoreMIDI
0x000000012887b000 	/usr/lib/libexpat.1.dylib
0x000000012889e000 	/System/Library/Extensions/AppleHDA.kext/Contents/PlugIns/AppleHDAHALPlugIn.bundle/Contents/MacOS/AppleHDAHALPlugIn
0x000000012cf79000 	/System/Library/Extensions/AppleIntelBDWGraphicsMTLDriver.bundle/Contents/MacOS/AppleIntelBDWGraphicsMTLDriver
0x0000000125325000 	/Users/AddisonMacbook/Desktop/Greenfoot 2.4.2/Greenfoot.app/Contents/Frameworks/jdk.framework/Versions/A/Contents/Home/jre/lib/libjpeg.dylib
0x000000012aab1000 	/Users/AddisonMacbook/Desktop/Greenfoot 2.4.2/Greenfoot.app/Contents/Frameworks/jdk.framework/Versions/A/Contents/Home/jre/lib/libdcpr.dylib
0x000000000a5a7000 	/System/Library/Frameworks/ApplicationServices.framework/Versions/A/Frameworks/ATS.framework/Versions/A/Resources/libTrueTypeScaler.dylib
0x00000001341c7000 	/System/Library/Components/CoreAudio.component/Contents/MacOS/CoreAudio

VM Arguments:
jvm_args: -Xincgc -Dawt.useSystemAAFontSettings=on -agentlib:jdwp=transport=dt_socket,address=127.0.0.1:59423 -Dfile.encoding=UTF-8 
java_command: bluej.runtime.ExecServer UTF-8
java_class_path (initial): /Users/AddisonMacbook/Desktop/Greenfoot 2.4.2/Greenfoot.app/Contents/Resources/Java/extensions/greenfoot.jar:/Users/AddisonMacbook/Desktop/Greenfoot 2.4.2/Greenfoot.app/Contents/Resources/Java/bluejcore.jar:/Users/AddisonMacbook/Desktop/Greenfoot 2.4.2/Greenfoot.app/Contents/Resources/Java/bluejeditor.jar:/Users/AddisonMacbook/Desktop/Greenfoot 2.4.2/Greenfoot.app/Contents/Resources/Java/bluejext.jar:/Users/AddisonMacbook/Desktop/Greenfoot 2.4.2/Greenfoot.app/Contents/Resources/Java/AppleJavaExtensions.jar:/Users/AddisonMacbook/Desktop/Greenfoot 2.4.2/Greenfoot.app/Contents/Resources/Java/junit-4.8.2.jar:/Users/AddisonMacbook/Desktop/Greenfoot 2.4.2/Greenfoot.app/Contents/Resources/Java/bluej.jar:/Users/AddisonMacbook/Desktop/Greenfoot 2.4.2/Greenfoot.app/Contents/Resources/Java/commons-httpclient-3.1.jar:/Users/AddisonMacbook/Desktop/Greenfoot 2.4.2/Greenfoot.app/Contents/Resources/Java/commons-logging-api-1.1.2.jar:/Users/AddisonMacbook/Desktop/Greenfoot 2.4.2/Greenfoot.app/Contents/Resources/Java/commons-codec-1.3.jar:/Users/AddisonMacbook/Desktop/Greenfoot 2.4.2/Greenfoot.app/Contents/Resources/Java/jl1.0.1.jar:/Users/AddisonMacbook/Desktop/Greenfoot 2.4.2/Greenfoot.app/Contents/Resources/Java/opencsv-2.3.jar
Launcher Type: SUN_STANDARD

Environment Variables:
PATH=/usr/bin:/bin:/usr/sbin:/sbin
SHELL=/bin/bash

Signal Handlers:
SIGSEGV: [libjvm.dylib+0x57a0e7], sa_mask[0]=11111111011111110111111111111111, sa_flags=SA_ONSTACK|SA_RESTART|SA_SIGINFO
SIGBUS: [libjvm.dylib+0x57a0e7], sa_mask[0]=11111111011111110111111111111111, sa_flags=SA_RESTART|SA_SIGINFO
SIGFPE: [libjvm.dylib+0x45af24], sa_mask[0]=11111111011111110111111111111111, sa_flags=SA_RESTART|SA_SIGINFO
SIGPIPE: [libjvm.dylib+0x45af24], sa_mask[0]=11111111011111110111111111111111, sa_flags=SA_RESTART|SA_SIGINFO
SIGXFSZ: [libjvm.dylib+0x45af24], sa_mask[0]=11111111011111110111111111111111, sa_flags=SA_RESTART|SA_SIGINFO
SIGILL: [libjvm.dylib+0x45af24], sa_mask[0]=11111111011111110111111111111111, sa_flags=SA_RESTART|SA_SIGINFO
SIGUSR1: SIG_DFL, sa_mask[0]=00000000000000000000000000000000, sa_flags=none
SIGUSR2: [libjvm.dylib+0x45aa42], sa_mask[0]=00100000000000000000000000000000, sa_flags=SA_RESTART|SA_SIGINFO
SIGHUP: [libjvm.dylib+0x459015], sa_mask[0]=11111111011111110111111111111111, sa_flags=SA_RESTART|SA_SIGINFO
SIGINT: [libjvm.dylib+0x459015], sa_mask[0]=11111111011111110111111111111111, sa_flags=SA_RESTART|SA_SIGINFO
SIGTERM: [libjvm.dylib+0x459015], sa_mask[0]=11111111011111110111111111111111, sa_flags=SA_RESTART|SA_SIGINFO
SIGQUIT: [libjvm.dylib+0x459015], sa_mask[0]=11111111011111110111111111111111, sa_flags=SA_RESTART|SA_SIGINFO


---------------  S Y S T E M  ---------------

OS:Bsduname:Darwin 15.0.0 Darwin Kernel Version 15.0.0: Sat Sep 19 15:53:46 PDT 2015; root:xnu-3247.10.11~1/RELEASE_X86_64 x86_64
rlimit: STACK 8192k, CORE 0k, NPROC 709, NOFILE 10240, AS infinity
load average:3.06 3.08 2.81

CPU:total 4 (2 cores per cpu, 2 threads per core) family 6 model 61 stepping 4, cmov, cx8, fxsr, mmx, sse, sse2, sse3, ssse3, sse4.1, sse4.2, popcnt, avx, avx2, aes, clmul, erms, lzcnt, ht, tsc, tscinvbit, bmi1, bmi2

Memory: 4k page, physical 8388608k(455208k free)

/proc/meminfo:


vm_info: Java HotSpot(TM) 64-Bit Server VM (25.31-b07) for bsd-amd64 JRE (1.8.0_31-b13), built on Dec 17 2014 20:45:36 by "java_re" with gcc 4.2.1 (Based on Apple Inc. build 5658) (LLVM build 2336.11.00)

time: Tue Nov 24 14:53:35 2015
elapsed time: 5891 seconds (0d 1h 38m 11s)

